#! /usr/bin/vvp
:ivl_version "12.0 (stable)";
:ivl_delay_selection "TYPICAL";
:vpi_time_precision + 0;
:vpi_module "/usr/lib/x86_64-linux-gnu/ivl/system.vpi";
:vpi_module "/usr/lib/x86_64-linux-gnu/ivl/vhdl_sys.vpi";
:vpi_module "/usr/lib/x86_64-linux-gnu/ivl/vhdl_textio.vpi";
:vpi_module "/usr/lib/x86_64-linux-gnu/ivl/v2005_math.vpi";
:vpi_module "/usr/lib/x86_64-linux-gnu/ivl/va_math.vpi";
S_0x55dcba29d490 .scope module, "tt_um_acrypticcode" "tt_um_acrypticcode" 2 8;
 .timescale 0 0;
    .port_info 0 /INPUT 8 "ui_in";
    .port_info 1 /OUTPUT 8 "uo_out";
    .port_info 2 /INPUT 8 "uio_in";
    .port_info 3 /OUTPUT 8 "uio_out";
    .port_info 4 /OUTPUT 8 "uio_oe";
    .port_info 5 /INPUT 1 "ena";
    .port_info 6 /INPUT 1 "clk";
    .port_info 7 /INPUT 1 "rst_n";
L_0x77fdc52ce0a8 .functor BUFT 1, C4<0>, C4<0>, C4<0>, C4<0>;
v0x55dcba29d6f0_0 .net/2u *"_ivl_6", 0 0, L_0x77fdc52ce0a8;  1 drivers
v0x55dcba2e74e0_0 .net *"_ivl_8", 3 0, L_0x55dcba2e8070;  1 drivers
v0x55dcba2e75c0_0 .net "_unused", 0 0, L_0x55dcba2e81d0;  1 drivers
o0x77fdc56bc0a8 .functor BUFZ 1, C4<z>; HiZ drive
v0x55dcba2e7660_0 .net "clk", 0 0, o0x77fdc56bc0a8;  0 drivers
o0x77fdc56bc0d8 .functor BUFZ 1, C4<z>; HiZ drive
v0x55dcba2e7720_0 .net "ena", 0 0, o0x77fdc56bc0d8;  0 drivers
o0x77fdc56bc108 .functor BUFZ 1, C4<z>; HiZ drive
v0x55dcba2e7830_0 .net "rst_n", 0 0, o0x77fdc56bc108;  0 drivers
o0x77fdc56bc138 .functor BUFZ 8, C4<zzzzzzzz>; HiZ drive
v0x55dcba2e78f0_0 .net "ui_in", 7 0, o0x77fdc56bc138;  0 drivers
o0x77fdc56bc168 .functor BUFZ 8, C4<zzzzzzzz>; HiZ drive
v0x55dcba2e79d0_0 .net "uio_in", 7 0, o0x77fdc56bc168;  0 drivers
L_0x77fdc52ce060 .functor BUFT 1, C4<00000000>, C4<0>, C4<0>, C4<0>;
v0x55dcba2e7ab0_0 .net "uio_oe", 7 0, L_0x77fdc52ce060;  1 drivers
L_0x77fdc52ce018 .functor BUFT 1, C4<00000000>, C4<0>, C4<0>, C4<0>;
v0x55dcba2e7c20_0 .net "uio_out", 7 0, L_0x77fdc52ce018;  1 drivers
v0x55dcba2e7d00_0 .net "uo_out", 7 0, L_0x55dcba2e7ee0;  1 drivers
L_0x55dcba2e7ee0 .arith/sum 8, o0x77fdc56bc138, o0x77fdc56bc168;
L_0x55dcba2e8070 .concat [ 1 1 1 1], L_0x77fdc52ce0a8, o0x77fdc56bc108, o0x77fdc56bc0a8, o0x77fdc56bc0d8;
L_0x55dcba2e81d0 .reduce/and L_0x55dcba2e8070;
# The file index is used to find the file name in the following table.
:file_names 3;
    "N/A";
    "<interactive>";
    "project.v";
